2026-01-30 15:58:46+0100: Running with following config:
allowResignation = true
lagBuffer = 1.0
logAllGTPCommunication = true
logDir = gtp_logs
logSearchInfo = true
logSearchInfoForChosenMove = false
logToStderr = false
maxTimePondering = 60.0
maxVisits = 500
numSearchThreads = 6
ponderingEnabled = false
resignConsecTurns = 3
resignThreshold = -0.90
rules = tromp-taylor
searchFactorAfterOnePass = 0.50
searchFactorAfterTwoPass = 0.25
searchFactorWhenWinning = 0.40
searchFactorWhenWinningThreshold = 0.95

2026-01-30 15:58:46+0100: Loading model and initializing benchmark...
2026-01-30 15:58:46+0100: Testing with default positions for board size: 19
2026-01-30 15:58:46+0100: nnRandSeed0 = 8562467203768891543
2026-01-30 15:58:46+0100: After dedups: nnModelFile0 = .\g170e-b20c256x2-s5303129600-d1228401921.bin.gz useFP16 auto useNHWC auto
2026-01-30 15:58:46+0100: Initializing neural net buffer to be size 19 * 19 exactly
2026-01-30 15:58:48+0100: Eigen (CPU) backend thread 1: Model version 8
2026-01-30 15:58:48+0100: Eigen (CPU) backend thread 1: Model name: g170-b20c256x2-s5303129600-d1228401921
2026-01-30 15:58:48+0100: Eigen (CPU) backend thread 0: Model version 8
2026-01-30 15:58:48+0100: Eigen (CPU) backend thread 0: Model name: g170-b20c256x2-s5303129600-d1228401921
2026-01-30 15:58:54+0100: Loaded config C:\Users\natha\Dropbox\Mon PC (LAPTOP-FKVLKG8G)\Downloads\katago-v1.16.4-eigen-windows-x64/default_gtp.cfg
2026-01-30 15:58:54+0100: Loaded model .\g170e-b20c256x2-s5303129600-d1228401921.bin.gz
2026-01-30 15:58:54+0100: GPU -1 finishing, processed 4 rows 4 batches
2026-01-30 15:58:54+0100: GPU -1 finishing, processed 1 rows 1 batches
2026-01-30 15:58:54+0100: nnRandSeed0 = 12593959816797851778
2026-01-30 15:58:54+0100: After dedups: nnModelFile0 = .\g170e-b20c256x2-s5303129600-d1228401921.bin.gz useFP16 auto useNHWC auto
2026-01-30 15:58:54+0100: Initializing neural net buffer to be size 19 * 19 exactly
2026-01-30 15:58:56+0100: Eigen (CPU) backend thread 0: Model version 8
2026-01-30 15:58:56+0100: Eigen (CPU) backend thread 0: Model name: g170-b20c256x2-s5303129600-d1228401921
2026-01-30 15:58:56+0100: Eigen (CPU) backend thread 1: Model version 8
2026-01-30 15:58:56+0100: Eigen (CPU) backend thread 1: Model name: g170-b20c256x2-s5303129600-d1228401921
2026-01-30 16:09:36+0100: GPU -1 finishing, processed 191 rows 191 batches
2026-01-30 16:09:36+0100: GPU -1 finishing, processed 206 rows 204 batches
2026-01-30 16:09:36+0100: GPU -1 finishing, processed 202 rows 199 batches
2026-01-30 16:09:37+0100: GPU -1 finishing, processed 206 rows 201 batches
