2026-02-02 10:06:15+0100: Running with following config:
allowResignation = true
analysisIgnorePreRootHistory = false
chosenMovePrune = 0
chosenMoveSubtract = 0
chosenMoveTemperature = 0.70
chosenMoveTemperatureEarly = 0.85
chosenMoveTemperatureHalflife = 80
chosenMoveTemperatureOnlyBelowProb = 0.01
delayMoveMax = 10.0
delayMoveScale = 2.0
dynamicScoreUtilityFactor = 0.00
humanSLChosenMoveIgnorePass = true
humanSLChosenMovePiklLambda = 100000000
humanSLChosenMoveProp = 1.0
humanSLCpuctExploration = 0.50
humanSLCpuctPermanent = 0.2
humanSLOppExploreProbWeightful = 0.0
humanSLOppExploreProbWeightless = 0.0
humanSLPlaExploreProbWeightful = 0.0
humanSLPlaExploreProbWeightless = 0.0
humanSLProfile = preaz_20k
humanSLRootExploreProbWeightful = 0.0
humanSLRootExploreProbWeightless = 0.0
ignorePreRootHistory = false
lagBuffer = 1.0
logAllGTPCommunication = true
logDir = gtp_logs
logSearchInfo = true
logSearchInfoForChosenMove = false
logToStderr = false
maxVisits = 40
nnCacheSizePowerOfTwo = 17
nnMutexPoolSizePowerOfTwo = 14
numSearchThreads = 1
resignConsecTurns = 20
resignMinMovesPerBoardArea = 0.4
resignMinScoreDifference = 40
resignThreshold = -0.99
rootNumSymmetriesToSample = 2
rules = japanese
staticScoreUtilityFactor = 0.30
subtreeValueBiasFactor = 0.0
useLcbForSelection = false
useNoisePruning = false
useUncertainty = false
winLossUtilityFactor = 1.0

2026-02-02 10:06:15+0100: GTP Engine starting...
2026-02-02 10:06:15+0100: KataGo v1.16.4
2026-02-02 10:06:15+0100: Using Japanese rules initially, unless GTP/GUI overrides this
2026-02-02 10:06:15+0100: Using 1 CPU thread(s) for search
2026-02-02 10:06:15+0100: nnRandSeed0 = 9314408618779678844
2026-02-02 10:06:15+0100: After dedups: nnModelFile0 = c:\Users\natha\Documents\CS GO\player\katago\g170e-b20c256x2-s5303129600-d1228401921.bin.gz useFP16 auto useNHWC auto
2026-02-02 10:06:15+0100: Initializing neural net buffer to be size 19 * 19 exactly
2026-02-02 10:06:17+0100: Eigen (CPU) backend thread 0: Model version 8
2026-02-02 10:06:17+0100: Eigen (CPU) backend thread 0: Model name: g170-b20c256x2-s5303129600-d1228401921
2026-02-02 10:06:21+0100: Loaded neural net with nnXLen 19 nnYLen 19
2026-02-02 10:06:21+0100: nnRandSeed0 = 2444812604827127986
2026-02-02 10:06:21+0100: After dedups: nnModelFile0 = c:\Users\natha\Documents\CS GO\player\katago\b18c384nbt-humanv0.bin.gz useFP16 auto useNHWC auto
2026-02-02 10:06:21+0100: Initializing neural net buffer to be size 19 * 19 exactly
2026-02-02 10:06:24+0100: Eigen (CPU) backend thread 0: Model version 15
2026-02-02 10:06:24+0100: Eigen (CPU) backend thread 0: Model name: b18c384nbt-humanv0
2026-02-02 10:06:25+0100: Loaded human SL net with nnXLen 19 nnYLen 19
2026-02-02 10:06:25+0100: Initializing board with boardXSize 19 boardYSize 19
2026-02-02 10:06:25+0100: Loaded config c:\Users\natha\Documents\CS GO\player\katago\gtp_human_k.cfg
2026-02-02 10:06:25+0100: Loaded model c:\Users\natha\Documents\CS GO\player\katago\g170e-b20c256x2-s5303129600-d1228401921.bin.gz
2026-02-02 10:06:25+0100: Loaded human SL model c:\Users\natha\Documents\CS GO\player\katago\b18c384nbt-humanv0.bin.gz
2026-02-02 10:06:25+0100: Model name: g170-b20c256x2-s5303129600-d1228401921
2026-02-02 10:06:25+0100: Human SL model name: b18c384nbt-humanv0
2026-02-02 10:06:25+0100: GTP ready, beginning main protocol loop
2026-02-02 10:06:25+0100: Controller: name
2026-02-02 10:06:25+0100: = KataGo
2026-02-02 10:06:25+0100: Controller: boardsize 9
2026-02-02 10:06:25+0100: GPU -1 finishing, processed 0 rows 0 batches
2026-02-02 10:06:25+0100: GPU -1 finishing, processed 0 rows 0 batches
2026-02-02 10:06:25+0100: Cleaned up old neural net and bot
2026-02-02 10:06:25+0100: nnRandSeed0 = 10310114984898213936
2026-02-02 10:06:25+0100: After dedups: nnModelFile0 = c:\Users\natha\Documents\CS GO\player\katago\g170e-b20c256x2-s5303129600-d1228401921.bin.gz useFP16 auto useNHWC auto
2026-02-02 10:06:25+0100: Initializing neural net buffer to be size 9 * 9 exactly
2026-02-02 10:06:27+0100: Eigen (CPU) backend thread 0: Model version 8
2026-02-02 10:06:27+0100: Eigen (CPU) backend thread 0: Model name: g170-b20c256x2-s5303129600-d1228401921
2026-02-02 10:06:33+0100: Loaded neural net with nnXLen 9 nnYLen 9
2026-02-02 10:06:33+0100: nnRandSeed0 = 12494367742103948052
2026-02-02 10:06:33+0100: After dedups: nnModelFile0 = c:\Users\natha\Documents\CS GO\player\katago\b18c384nbt-humanv0.bin.gz useFP16 auto useNHWC auto
2026-02-02 10:06:33+0100: Initializing neural net buffer to be size 9 * 9 exactly
2026-02-02 10:06:34+0100: Eigen (CPU) backend thread 0: Model version 15
2026-02-02 10:06:34+0100: Eigen (CPU) backend thread 0: Model name: b18c384nbt-humanv0
2026-02-02 10:06:35+0100: Loaded human SL net with nnXLen 9 nnYLen 9
2026-02-02 10:06:35+0100: Initializing board with boardXSize 9 boardYSize 9
2026-02-02 10:06:35+0100: = 
2026-02-02 10:06:35+0100: Controller: clear_board
2026-02-02 10:06:35+0100: = 
2026-02-02 10:06:37+0100: Controller: genmove black
2026-02-02 10:06:50+0100: MoveNum: 0 HASH: 9F0B2D702FC8448C75410E097F089AEB
   A B C D E F G H J
 9 . . . . . . . . .
 8 . . . . . . . . .
 7 . . . . . . @ . .
 6 . . . . . . . . .
 5 . . . . . . . . .
 4 . . . . . . . . .
 3 . . . . . . . . .
 2 . . . . . . . . .
 1 . . . . . . . . .

koSIMPLEscoreTERRITORYtaxSEKIsui0komi6.5
Time taken: 12.984
Root visits: 40
New playouts: 40
NN rows: 42
NN batches: 42
NN avg batch size: 1
PV: E5 C5 G5 D7 D3 F7 C4 D5
Tree:
: T -42.09c W -41.02c S  -1.07c ( -1.2 L  -0.7) N      40  --  E5 C5 G5 D7 D3 F7 C4
---Black(^)---
E5  : T -41.92c W -40.84c S  -1.08c ( -1.2 L  -0.7) LCB  -48.73c P 79.24% WF  39.0 PSV      39 N      39  --  E5 C5 G5 D7 D3 F7 C4 D5

2026-02-02 10:06:50+0100: = G7
2026-02-02 10:06:54+0100: Controller: play white C3
2026-02-02 10:06:54+0100: = 
2026-02-02 10:06:54+0100: Controller: genmove black
2026-02-02 10:07:05+0100: MoveNum: 2 HASH: 3A0B6BD07FC3CF7C7E1E6FAF59329CD3
   A B C D E F G H J
 9 . . . . . . . . .
 8 . . . . . . . . .
 7 . . . . . . X1. .
 6 . . . . . . . . .
 5 . . . . . . . . .
 4 . . . . . . . . .
 3 . . O2. . . @ . .
 2 . . . . . . . . .
 1 . . . . . . . . .

koSIMPLEscoreTERRITORYtaxSEKIsui0komi6.5
Time taken: 11.406
Root visits: 40
New playouts: 40
NN rows: 42
NN batches: 42
NN avg batch size: 1
PV: G3
Tree:
: T -22.03c W -21.55c S  -0.48c ( -0.5 L  -0.3) N      40  --  G3
---Black(^)---
D4  : T -21.52c W -21.06c S  -0.46c ( -0.5 L  -0.3) LCB  -34.05c P 81.93% WF  38.1 PSV      24 N      38  --  D4 F6 D3 D6 C4 G6 G4 F4
F4  : T -47.14c W -45.80c S  -1.35c ( -1.5 L  -0.8) LCB -372.14c P  6.28% WF   0.9 PSV      14 N       1  --  F4

2026-02-02 10:07:05+0100: = G3
2026-02-02 10:07:08+0100: Controller: play white C7
2026-02-02 10:07:08+0100: = 
2026-02-02 10:07:08+0100: Controller: genmove black
2026-02-02 10:07:18+0100: MoveNum: 4 HASH: 931436C2D19EBA302052B61F1BAFC155
   A B C D E F G H J
 9 . . . . . . . . .
 8 . . . . . . . . .
 7 . . O3@ . . X . .
 6 . . . . . . . . .
 5 . . . . . . . . .
 4 . . . . . . . . .
 3 . . O1. . . X2. .
 2 . . . . . . . . .
 1 . . . . . . . . .

koSIMPLEscoreTERRITORYtaxSEKIsui0komi6.5
Time taken: 9.937
Root visits: 40
New playouts: 40
NN rows: 42
NN batches: 42
NN avg batch size: 1
PV: E5
Tree:
: T -37.36c W -36.30c S  -1.07c ( -1.2 L  -0.7) N      40  --  E5
---Black(^)---
D6  : T -37.31c W -36.25c S  -1.06c ( -1.2 L  -0.7) LCB  -49.58c P 52.97% WF  39.0 PSV      39 N      39  --  D6 D7 D4 D3 B5 F6 E4 F7

2026-02-02 10:07:18+0100: = D7
2026-02-02 10:07:24+0100: Controller: play white E6
2026-02-02 10:07:24+0100: = 
2026-02-02 10:07:24+0100: Controller: genmove black
2026-02-02 10:07:33+0100: MoveNum: 6 HASH: 6B4F6454BA8A6610AF09E7A08D186098
   A B C D E F G H J
 9 . . . . . . . . .
 8 . . . . . . . . .
 7 . . O1X2. . X . .
 6 . . . @ O3. . . .
 5 . . . . . . . . .
 4 . . . . . . . . .
 3 . . O . . . X . .
 2 . . . . . . . . .
 1 . . . . . . . . .

koSIMPLEscoreTERRITORYtaxSEKIsui0komi6.5
Time taken: 9.297
Root visits: 40
New playouts: 40
NN rows: 41
NN batches: 41
NN avg batch size: 1
PV: E7
Tree:
: T  90.19c W  86.44c S   3.74c ( +4.1 L  +3.7) N      40  --  E7
---Black(^)---
D6  : T  90.34c W  86.58c S   3.76c ( +4.2 L  +3.7) LCB   82.64c P 99.87% WF  39.0 PSV      39 N      39  --  D6 G6 D4 F7 C4 D3 F5 G5

2026-02-02 10:07:33+0100: = D6
2026-02-02 10:07:36+0100: Controller: play white D5
2026-02-02 10:07:36+0100: = 
2026-02-02 10:07:36+0100: Controller: genmove black
2026-02-02 10:07:44+0100: MoveNum: 8 HASH: BD7BABC4A2A142ABC39C19133F8C260E
   A B C D E F G H J
 9 . . . . . . . . .
 8 . . . . . . . . .
 7 . . O X . . X . .
 6 . . @ X2O1. . . .
 5 . . . O3. . . . .
 4 . . . . . . . . .
 3 . . O . . . X . .
 2 . . . . . . . . .
 1 . . . . . . . . .

koSIMPLEscoreTERRITORYtaxSEKIsui0komi6.5
Time taken: 7.891
Root visits: 40
New playouts: 36
NN rows: 38
NN batches: 38
NN avg batch size: 1
PV: C6 C5 E7 F6 F7 G6
Tree:
: T 101.06c W  95.90c S   5.15c ( +5.6 L  +5.4) N      40  --  C6 C5 E7 F6 F7 G6
---Black(^)---
C6  : T 101.26c W  96.07c S   5.18c ( +5.6 L  +5.4) LCB   98.53c P 98.26% WF  39.0 PSV      39 N      39  --  C6 C5 E7 F6 F7 G6

2026-02-02 10:07:44+0100: = C6
2026-02-02 10:07:47+0100: Controller: play white B6
2026-02-02 10:07:47+0100: = 
2026-02-02 10:07:47+0100: Controller: genmove black
2026-02-02 10:07:56+0100: MoveNum: 10 HASH: CFA91A4D7650DAC8E76FA1DBA0988E13
   A B C D E F G H J
 9 . . . . . . . . .
 8 . . . . . . . . .
 7 . @ O X . . X . .
 6 . O3X2X O . . . .
 5 . . . O1. . . . .
 4 . . . . . . . . .
 3 . . O . . . X . .
 2 . . . . . . . . .
 1 . . . . . . . . .

koSIMPLEscoreTERRITORYtaxSEKIsui0komi6.5
Time taken: 9.515
Root visits: 40
New playouts: 40
NN rows: 42
NN batches: 42
NN avg batch size: 1
PV: B7
Tree:
: T 109.02c W  99.31c S   9.71c (+11.2 L +11.3) N      40  --  B7
---Black(^)---
C5  : T 109.08c W  99.34c S   9.73c (+11.3 L +11.4) LCB  108.11c P 96.26% WF  39.0 PSV      39 N      39  --  C5 G6 D4 F7 B5

2026-02-02 10:07:56+0100: = B7
2026-02-02 10:08:02+0100: Controller: play white C8
2026-02-02 10:08:02+0100: = 
2026-02-02 10:08:02+0100: Controller: genmove black
2026-02-02 10:08:13+0100: MoveNum: 12 HASH: 5E88249A26012AADF578BFD22164C7F0
   A B C D E F G H J
 9 . . . . . . . . .
 8 . . O3. . . . . .
 7 . X2O X . . X . .
 6 . O1X X O . . . .
 5 . @ . O . . . . .
 4 . . . . . . . . .
 3 . . O . . . X . .
 2 . . . . . . . . .
 1 . . . . . . . . .

koSIMPLEscoreTERRITORYtaxSEKIsui0komi6.5
Time taken: 10.266
Root visits: 40
New playouts: 40
NN rows: 42
NN batches: 42
NN avg batch size: 1
PV: B5 E7 D8 E8 E9 F5 E4
Tree:
: T 106.87c W  98.83c S   8.03c ( +9.1 L  +9.0) N      40  --  B5 E7 D8 E8 E9 F5 E4
---Black(^)---
B5  : T 107.44c W  98.88c S   8.55c ( +9.8 L  +9.7) LCB  105.56c P 55.89% WF  25.1 PSV      38 N      25  --  B5 E7 D8 E8 E9 F5 E4
E7  : T 105.39c W  98.87c S   6.52c ( +7.0 L  +6.9) LCB   79.56c P 15.15% WF   5.0 PSV       1 N       5  --  E7 B5 B8 F6
C5  : T 106.22c W  98.78c S   7.44c ( +8.3 L  +8.3) LCB   98.15c P 23.39% WF   9.0 PSV       0 N       9  --  C5 B5 C4

2026-02-02 10:08:13+0100: = B5
2026-02-02 10:08:24+0100: Controller: play white A6
2026-02-02 10:08:24+0100: = 
2026-02-02 10:08:24+0100: Controller: genmove black
2026-02-02 10:08:34+0100: MoveNum: 14 HASH: DFD022FB2F24401495C626425B289B34
   A B C D E F G H J
 9 . . . . . . . . .
 8 . . O1. . . . . .
 7 @ X O X . . X . .
 6 O3O X X O . . . .
 5 . X2. O . . . . .
 4 . . . . . . . . .
 3 . . O . . . X . .
 2 . . . . . . . . .
 1 . . . . . . . . .

koSIMPLEscoreTERRITORYtaxSEKIsui0komi6.5
Time taken: 9.11
Root visits: 40
New playouts: 40
NN rows: 42
NN batches: 42
NN avg batch size: 1
PV: A7
Tree:
: T 109.96c W  98.74c S  11.21c (+13.5 L +13.6) N      40  --  A7
---Black(^)---
A7  : T 108.46c W  99.18c S   9.28c (+10.9 L +10.5) LCB -216.54c P  5.29% WF   1.0 PSV      21 N       1  --  A7
A5  : T 110.46c W  99.37c S  11.08c (+13.3 L +13.2) LCB  105.81c P 27.42% WF  12.0 PSV      15 N      12  --  A5 E7 D8 E8 C5 F5
C5  : T 111.46c W  99.64c S  11.82c (+14.4 L +14.5) LCB  109.82c P 48.29% WF  23.1 PSV       0 N      23  --  C5 F3 F4 E3 G2
D4  : T  96.23c W  88.77c S   7.40c ( +8.7 L  +8.4) LCB   12.72c P 10.03% WF   2.9 PSV       0 N       3  --  D4 C5 C4

2026-02-02 10:08:34+0100: = A7
2026-02-02 10:08:50+0100: Controller: play white D8
2026-02-02 10:08:50+0100: = 
2026-02-02 10:08:50+0100: Controller: genmove black
2026-02-02 10:08:59+0100: MoveNum: 16 HASH: 3FCFE7CE4AE3EB74FA8307F7DF1EAA82
   A B C D E F G H J
 9 . . . . . . . . .
 8 . . O O3. . . . .
 7 X2X O X @ . X . .
 6 O1O X X O . . . .
 5 . X . O . . . . .
 4 . . . . . . . . .
 3 . . O . . . X . .
 2 . . . . . . . . .
 1 . . . . . . . . .

koSIMPLEscoreTERRITORYtaxSEKIsui0komi6.5
Time taken: 8.859
Root visits: 40
New playouts: 40
NN rows: 41
NN batches: 41
NN avg batch size: 1
PV: E7 F3 F4 G4 G5 H4
Tree:
: T 117.42c W  99.77c S  17.63c (+25.6 L +25.9) N      40  --  E7 F3 F4 G4 G5 H4
---Black(^)---
E7  : T 117.51c W  99.80c S  17.68c (+25.8 L +25.9) LCB  116.85c P 98.91% WF  39.0 PSV      39 N      39  --  E7 F3 F4 G4 G5 H4

2026-02-02 10:08:59+0100: = E7
2026-02-02 10:09:02+0100: Controller: play white F7
2026-02-02 10:09:02+0100: = 
2026-02-02 10:09:02+0100: Controller: genmove black
2026-02-02 10:09:15+0100: MoveNum: 18 HASH: 9B7DA4E385EA3DB3F6955FB4C495B323
   A B C D E F G H J
 9 . . . . . . . . .
 8 . . O O1. @ . . .
 7 X X O X X2O3X . .
 6 O O X X O . . . .
 5 . X . O . . . . .
 4 . . . . . . . . .
 3 . . O . . . X . .
 2 . . . . . . . . .
 1 . . . . . . . . .

koSIMPLEscoreTERRITORYtaxSEKIsui0komi6.5
Time taken: 12.687
Root visits: 40
New playouts: 40
NN rows: 42
NN batches: 42
NN avg batch size: 1
PV: F6 F3 F4 G4 G5
Tree:
: T 119.01c W  99.83c S  19.16c (+30.2 L +30.9) N      40  --  F6 F3 F4 G4 G5
---Black(^)---
F6  : T 119.06c W  99.84c S  19.20c (+30.3 L +30.9) LCB  118.36c P 96.36% WF  39.0 PSV      39 N      39  --  F6 F3 F4 G4 G5

2026-02-02 10:09:15+0100: = F8
2026-02-02 10:09:20+0100: Controller: play white F6
2026-02-02 10:09:20+0100: = 
2026-02-02 10:09:20+0100: Controller: genmove black
2026-02-02 10:09:30+0100: MoveNum: 20 HASH: 6C1E5D9E0734E87A1D90A32B5E589BA3
   A B C D E F G H J
 9 . . . . . . . . .
 8 . . O O . X2. . .
 7 X X O X X O1X . .
 6 O O X X O O3@ . .
 5 . X . O . . . . .
 4 . . . . . . . . .
 3 . . O . . . X . .
 2 . . . . . . . . .
 1 . . . . . . . . .

koSIMPLEscoreTERRITORYtaxSEKIsui0komi6.5
Time taken: 9.781
Root visits: 40
New playouts: 40
NN rows: 40
NN batches: 40
NN avg batch size: 1
PV: E8 G6 E3 F4 F3 G8
Tree:
: T 116.08c W  99.74c S  16.34c (+22.6 L +22.6) N      40  --  E8 G6 E3 F4 F3 G8
---Black(^)---
E8  : T 116.65c W  99.79c S  16.85c (+23.5 L +23.4) LCB  115.95c P 79.16% WF  34.1 PSV      37 N      34  --  E8 G6 E3 F4 F3 G8
C5  : T 112.45c W  99.44c S  13.00c (+16.8 L +17.2) LCB   86.68c P 17.54% WF   4.9 PSV       2 N       5  --  C5 G6 D4

2026-02-02 10:09:30+0100: = G6
2026-02-02 10:09:37+0100: Controller: play white E8
2026-02-02 10:09:37+0100: = 
2026-02-02 10:09:37+0100: Controller: genmove black
2026-02-02 10:09:47+0100: MoveNum: 22 HASH: 17268DDEFD32506630A447DD91E5490C
   A B C D E F G H J
 9 . . . . . . . . .
 8 . . O O O3X . . .
 7 X X O X X O X . .
 6 O O X X O O1X2. .
 5 . X @ O . . . . .
 4 . . . . . . . . .
 3 . . O . . . X . .
 2 . . . . . . . . .
 1 . . . . . . . . .

koSIMPLEscoreTERRITORYtaxSEKIsui0komi6.5
Time taken: 10.562
Root visits: 40
New playouts: 40
NN rows: 42
NN batches: 42
NN avg batch size: 1
PV: C5 G8 D4 F5 F4 G5 H5 H6 H4 H7 D3 G4
Tree:
: T 103.19c W  95.54c S   7.63c ( +8.8 L  +9.5) N      40  --  C5 G8 D4 F5 F4 G5 H5
---Black(^)---
C5  : T 103.19c W  95.54c S   7.65c ( +8.8 L  +9.5) LCB   98.38c P 99.26% WF  39.0 PSV      39 N      39  --  C5 G8 D4 F5 F4 G5 H5 H6

2026-02-02 10:09:47+0100: = C5
2026-02-02 10:09:50+0100: Controller: play white C4
2026-02-02 10:09:50+0100: = 
2026-02-02 10:09:50+0100: Controller: genmove black
2026-02-02 10:09:59+0100: MoveNum: 24 HASH: FC0E5E0F4CD1B66CC04D35725DD4EC34
   A B C D E F G H J
 9 . . . . . . . . .
 8 . . O O O1X . . .
 7 X X O X X O X . .
 6 O O X X O O X . .
 5 . X X2O @ . . . .
 4 . . O3. . . . . .
 3 . . O . . . X . .
 2 . . . . . . . . .
 1 . . . . . . . . .

koSIMPLEscoreTERRITORYtaxSEKIsui0komi6.5
Time taken: 8.921
Root visits: 40
New playouts: 40
NN rows: 41
NN batches: 41
NN avg batch size: 1
PV: E5 F5 D4 F4 G8 D3
Tree:
: T 115.92c W  98.99c S  16.90c (+25.5 L +26.9) N      40  --  E5 F5 D4 F4 G8 D3
---Black(^)---
E5  : T 112.61c W  99.05c S  13.50c (+17.9 L +19.3) LCB   94.56c P 21.21% WF   5.9 PSV      28 N       6  --  E5 F5 D4 F4 G8 D3
D4  : T 117.92c W  99.55c S  18.36c (+28.7 L +30.3) LCB  116.15c P 49.91% WF  27.2 PSV       8 N      27  --  D4 F5 F4 G5 H5 G8 E5
G8  : T 114.39c W  99.30c S  15.07c (+19.9 L +20.9) LCB   88.64c P 16.65% WF   5.0 PSV       1 N       5  --  G8 F4 D4
F5  : T  85.98c W  80.54c S   5.44c ( +7.5 L  +6.2) LCB -239.02c P  5.58% WF   0.9 PSV       1 N       1  --  F5

2026-02-02 10:09:59+0100: = E5
2026-02-02 10:10:03+0100: Controller: play white D4
2026-02-02 10:10:03+0100: = 
2026-02-02 10:10:03+0100: Controller: genmove black
2026-02-02 10:10:10+0100: MoveNum: 26 HASH: 7B00C3B0F304CAC1219528CD3C66A236
   A B C D E F G H J
 9 . . . . . . . . .
 8 . . O O O X . . .
 7 X X O X X O X . .
 6 O O X X O O X . .
 5 . X X O X2@ . . .
 4 . . O1O3. . . . .
 3 . . O . . . X . .
 2 . . . . . . . . .
 1 . . . . . . . . .

koSIMPLEscoreTERRITORYtaxSEKIsui0komi6.5
Time taken: 7.593
Root visits: 40
New playouts: 40
NN rows: 38
NN batches: 38
NN avg batch size: 1
PV: F5 F2 G2 F3 D2 C2
Tree:
: T 121.58c W  99.91c S  21.61c (+43.2 L +42.8) N      40  --  F5 F2 G2 F3 D2 C2
---Black(^)---
F5  : T 121.60c W  99.91c S  21.64c (+43.3 L +42.9) LCB  121.02c P 89.80% WF  39.0 PSV      39 N      39  --  F5 F2 G2 F3 D2 C2

2026-02-02 10:10:10+0100: = F5
2026-02-02 10:10:14+0100: Controller: play white B4
2026-02-02 10:10:14+0100: = 
2026-02-02 10:10:14+0100: Controller: genmove black
2026-02-02 10:10:23+0100: MoveNum: 28 HASH: 011D66FFFBE1E172D1004859EAAA3EF5
   A B C D E F G H J
 9 . . . . . . . . .
 8 . . O O O X . . .
 7 X X O X X . X . .
 6 O O X X . . X . .
 5 @ X X O X X2. . .
 4 . O3O O1. . . . .
 3 . . O . . . X . .
 2 . . . . . . . . .
 1 . . . . . . . . .

koSIMPLEscoreTERRITORYtaxSEKIsui0komi6.5
Time taken: 9.235
Root visits: 40
New playouts: 40
NN rows: 42
NN batches: 42
NN avg batch size: 1
PV: A5
Tree:
: T 121.96c W  99.85c S  22.06c (+46.0 L +45.9) N      40  --  A5
---Black(^)---
A4  : T 122.46c W  99.89c S  22.52c (+50.1 L +49.7) LCB   53.90c P  6.85% WF   3.0 PSV      17 N       3  --  A4 F2 E3
E3  : T 121.65c W  99.88c S  21.76c (+42.4 L +42.0) LCB   53.12c P  9.16% WF   3.0 PSV      16 N       3  --  E3 A4
E2  : T 121.45c W  99.86c S  21.55c (+43.2 L +42.8) LCB   95.75c P 14.18% WF   5.0 PSV       4 N       5  --  E2 D2 B2
D2  : T 122.21c W  99.84c S  22.34c (+47.5 L +47.6) LCB  120.67c P 53.33% WF  23.0 PSV       1 N      23  --  D2 C2 E2 A4 A5
B2  : T 121.09c W  99.84c S  21.24c (+40.5 L +39.8) LCB   95.38c P 13.84% WF   5.0 PSV       0 N       5  --  B2 A4 A5 E3

2026-02-02 10:10:23+0100: = A5
2026-02-02 10:10:36+0100: Controller: play white E9
2026-02-02 10:10:36+0100: = 
2026-02-02 10:10:36+0100: Controller: genmove black
2026-02-02 10:10:48+0100: MoveNum: 30 HASH: FFD67795D30632CEF8FA12A34E7CE865
   A B C D E F G H J
 9 . . . . O3@ . . .
 8 . . O O O X . . .
 7 X X O X X . X . .
 6 . . X X . . X . .
 5 X2X X O X X . . .
 4 . O1O O . . . . .
 3 . . O . . . X . .
 2 . . . . . . . . .
 1 . . . . . . . . .

koSIMPLEscoreTERRITORYtaxSEKIsui0komi6.5
Time taken: 11.875
Root visits: 40
New playouts: 40
NN rows: 41
NN batches: 41
NN avg batch size: 1
PV: F9
Tree:
: T 124.58c W  99.71c S  24.88c (+67.9 L +68.3) N      40  --  F9
---Black(^)---
E3  : T 124.51c W  99.82c S  24.69c (+65.9 L +65.8) LCB   84.79c P 10.29% WF   4.0 PSV      30 N       4  --  E3 A2 D2
E2  : T 124.43c W  99.58c S  24.87c (+68.1 L +68.7) LCB  121.26c P 36.79% WF  15.0 PSV       6 N      15  --  E2 D2 B2 E3 F2 A2 B1
D2  : T 124.75c W  99.79c S  24.96c (+68.6 L +68.7) LCB  122.40c P 37.36% WF  16.0 PSV       3 N      16  --  D2 F2 E3 F3
B2  : T 124.48c W  99.76c S  24.72c (+66.4 L +67.0) LCB   84.77c P  9.89% WF   4.0 PSV       0 N       4  --  B2 E3 F2

2026-02-02 10:10:48+0100: = F9
2026-02-02 10:10:51+0100: Controller: play white C9
2026-02-02 10:10:51+0100: = 
2026-02-02 10:10:51+0100: Controller: genmove black
2026-02-02 10:11:01+0100: MoveNum: 32 HASH: 67EB0F2EBC3A19BC7B6324C76849817E
   A B C D E F G H J
 9 . . O3. O1X2. . .
 8 . @ O O O X . . .
 7 X X O X X . X . .
 6 . . X X . . X . .
 5 X X X O X X . . .
 4 . O O O . . . . .
 3 . . O . . . X . .
 2 . . . . . . . . .
 1 . . . . . . . . .

koSIMPLEscoreTERRITORYtaxSEKIsui0komi6.5
Time taken: 9.25
Root visits: 40
New playouts: 40
NN rows: 42
NN batches: 42
NN avg batch size: 1
PV: B8
Tree:
: T 124.45c W  99.77c S  24.72c (+66.4 L +66.9) N      40  --  B8
---Black(^)---
E3  : T 124.52c W  99.87c S  24.68c (+65.8 L +66.8) LCB   98.80c P 14.17% WF   5.0 PSV      22 N       5  --  E3 B2 D2 A3
A4  : T 123.79c W  99.73c S  24.06c (+59.6 L +60.0) LCB  -14.51c P  5.51% WF   2.0 PSV      10 N       2  --  A4 B2
E2  : T 124.33c W  99.78c S  24.61c (+65.9 L +66.7) LCB  120.25c P 32.33% WF  13.0 PSV       5 N      13  --  E2 B2 D2 A3 C2
D2  : T 124.66c W  99.75c S  24.91c (+68.0 L +68.1) LCB  120.13c P 28.66% WF  12.0 PSV       1 N      12  --  D2 E2 E3
B2  : T 124.46c W  99.70c S  24.77c (+66.9 L +67.0) LCB  111.24c P 16.77% WF   7.0 PSV       0 N       7  --  B2 E3 F2 A2

2026-02-02 10:11:01+0100: = B8
2026-02-02 10:11:12+0100: GPU -1 finishing, processed 700 rows 700 batches
2026-02-02 10:11:12+0100: GPU -1 finishing, processed 34 rows 34 batches
2026-02-02 10:11:12+0100: All cleaned up, quitting
